[04:48:02] alt:V Voice Server 15.57 (release)
[04:48:02] Starting voice server on 127.0.0.1:7799
[04:48:07] Connected to alt:V server
[04:49:13] Player 1 has changed his dimension from: 0 to: 2146943330
[04:49:19] Channel 1 created. Spatial: true | MaxDistance: 2.99992
[04:49:19] Channel 2 created. Spatial: true | MaxDistance: 5.99985
[04:49:19] Channel 3 created. Spatial: true | MaxDistance: 9.99924
[04:49:19] Player 1 has been added to channel 1
[04:49:19] Player 1 has been removed from channel 1
[04:49:19] Player 1 has been added to channel 2
[04:49:19] Player 1 has been removed from channel 2
[04:49:19] Player 1 has been added to channel 3
[04:49:19] Player 1 has been removed from channel 3
[04:49:19] Player 1 has been added to channel 1
[04:49:19] Player 1 has changed his dimension from: 2146943330 to: 0
[04:49:47] Player 1 has been removed from channel 1
[04:49:47] Player 1 has been removed from channel 2
[04:49:47] Player 1 has been removed from channel 3
[04:49:57] Disconnected from alt:V server
[04:50:15] Connected to alt:V server
[04:50:23] Player 1 has changed his dimension from: 0 to: 2147356919
[04:50:26] Channel 1 created. Spatial: true | MaxDistance: 2.99992
[04:50:26] Channel 2 created. Spatial: true | MaxDistance: 5.99985
[04:50:26] Channel 3 created. Spatial: true | MaxDistance: 9.99924
[04:50:26] Player 1 has been added to channel 1
[04:50:26] Player 1 has been removed from channel 1
[04:50:26] Player 1 has been added to channel 2
[04:50:26] Player 1 has been removed from channel 2
[04:50:26] Player 1 has been added to channel 3
[04:50:26] Player 1 has been removed from channel 3
[04:50:26] Player 1 has been added to channel 1
[04:50:26] Player 1 has changed his dimension from: 2147356919 to: 0
[04:54:29] Player 1 has been removed from channel 1
[04:54:29] Player 1 has been removed from channel 2
[04:54:29] Player 1 has been removed from channel 3
[04:54:40] Disconnected from alt:V server
[04:54:40] Connected to alt:V server
[04:54:42] Player 1 has changed his dimension from: 0 to: 2146694939
[04:54:45] Channel 1 created. Spatial: true | MaxDistance: 2.99992
[04:54:45] Channel 2 created. Spatial: true | MaxDistance: 5.99985
[04:54:45] Channel 3 created. Spatial: true | MaxDistance: 9.99924
[04:54:45] Player 1 has been added to channel 1
[04:54:45] Player 1 has been removed from channel 1
[04:54:45] Player 1 has been added to channel 2
[04:54:45] Player 1 has been removed from channel 2
[04:54:45] Player 1 has been added to channel 3
[04:54:45] Player 1 has been removed from channel 3
[04:54:45] Player 1 has been added to channel 1
[04:54:45] Player 1 has changed his dimension from: 2146694939 to: 0
[04:59:03] Player 1 has been removed from channel 1
[04:59:03] Player 1 has been removed from channel 2
[04:59:03] Player 1 has been removed from channel 3
[04:59:13] Disconnected from alt:V server
[04:59:13] Connected to alt:V server
[04:59:14] Player 1 has changed his dimension from: 0 to: 2146578952
[04:59:16] Channel 1 created. Spatial: true | MaxDistance: 2.99992
[04:59:16] Channel 2 created. Spatial: true | MaxDistance: 5.99985
[04:59:16] Channel 3 created. Spatial: true | MaxDistance: 9.99924
[04:59:16] Player 1 has been added to channel 1
[04:59:16] Player 1 has been removed from channel 1
[04:59:16] Player 1 has been added to channel 2
[04:59:16] Player 1 has been removed from channel 2
[04:59:16] Player 1 has been added to channel 3
[04:59:16] Player 1 has been removed from channel 3
[04:59:16] Player 1 has been added to channel 1
[04:59:16] Player 1 has changed his dimension from: 2146578952 to: 0
[05:06:16] Player 1 has been removed from channel 1
[05:06:16] Player 1 has been added to channel 2
[05:06:17] Player 1 has been removed from channel 2
[05:06:17] Player 1 has been added to channel 3
[05:06:18] Player 1 has been removed from channel 3
[05:06:18] Player 1 has been added to channel 1
[05:06:19] Player 1 has been removed from channel 1
[05:06:19] Player 1 has been added to channel 2
[05:06:19] Player 1 has been removed from channel 2
[05:06:19] Player 1 has been added to channel 3
[05:06:20] Player 1 has been removed from channel 3
[05:06:20] Player 1 has been added to channel 1
[05:06:21] Player 1 has been removed from channel 1
[05:06:21] Player 1 has been added to channel 2
[05:06:21] Player 1 has been removed from channel 2
[05:06:21] Player 1 has been added to channel 3
[05:06:21] Player 1 has been removed from channel 3
[05:06:21] Player 1 has been added to channel 1
[05:06:22] Player 1 has been removed from channel 1
[05:06:22] Player 1 has been added to channel 2
[05:06:23] Player 1 has been removed from channel 2
[05:06:23] Player 1 has been added to channel 3
[05:06:23] Player 1 has been removed from channel 3
[05:06:23] Player 1 has been added to channel 1
[05:06:24] Player 1 has been removed from channel 1
[05:06:24] Player 1 has been added to channel 2
[05:06:25] Player 1 has been removed from channel 2
[05:06:25] Player 1 has been added to channel 3
[05:06:25] Player 1 has been removed from channel 3
[05:06:25] Player 1 has been added to channel 1
[05:06:26] Player 1 has been removed from channel 1
[05:06:26] Player 1 has been added to channel 2
[05:06:27] Player 1 has been removed from channel 2
[05:06:27] Player 1 has been added to channel 3
[05:06:27] Player 1 has been removed from channel 3
[05:06:27] Player 1 has been added to channel 1
[05:06:28] Player 1 has been removed from channel 1
[05:06:28] Player 1 has been added to channel 2
[05:06:28] Player 1 has been removed from channel 2
[05:06:28] Player 1 has been added to channel 3
[05:06:29] Player 1 has been removed from channel 3
[05:06:29] Player 1 has been added to channel 1
[05:07:26] Player 1 has been removed from channel 1
[05:07:26] Player 1 has been removed from channel 2
[05:07:26] Player 1 has been removed from channel 3
